[01.05.2023 19:11:38] сервер запущен!
[01.05.2023 19:12:04] пользователь Георгий присоединился к чату!
Количество пользователей онлайн: 1
[01.05.2023 19:12:25] пользователь Михаил присоединился к чату!
Количество пользователей онлайн: 2
[01.05.2023 19:12:33] Георгий написал: Привет, Михаил
[01.05.2023 19:12:41] Михаил написал: дарова, как дела?
[01.05.2023 19:13:08] пользователь telner_test присоединился к чату!
Количество пользователей онлайн: 3
[01.05.2023 19:13:16] telner_test написал: telnet test
[01.05.2023 19:13:34] пользователь telnet test2 присоединился к чату!
Количество пользователей онлайн: 4
[01.05.2023 19:13:41] telnet test2 написал: hi
[01.05.2023 19:13:46] telner_test написал: prive
[01.05.2023 19:13:58] пользователь telner_test покинул наш уютный чат
Количество пользователей онлайн: 3
[01.05.2023 19:14:06] пользователь telnet test2 покинул наш уютный чат
Количество пользователей онлайн: 2
[01.05.2023 19:14:20] Георгий написал: вроде работает
[01.05.2023 19:14:29] Михаил написал: даже пользователей считает
[01.05.2023 19:14:33] Георгий написал: и логи пишет
[01.05.2023 19:14:40] Михаил написал: давай отправлять
[01.05.2023 19:14:42] пользователь Михаил покинул наш уютный чат
Количество пользователей онлайн: 1
[01.05.2023 19:14:50] пользователь Георгий покинул наш уютный чат
Количество пользователей онлайн: 0
